<?xml version="1.0" encoding="UTF-8"?>
<testsuite xmlns:xsi="http://www.w3.org/2001/XMLSchema-instance" xsi:noNamespaceSchemaLocation="https://maven.apache.org/surefire/maven-surefire-plugin/xsd/surefire-test-report.xsd" version="3.0.2" name="com.tecumsofia.carrito.CarritoApplicationTests" time="19.009" tests="1" errors="0" skipped="0" failures="0">
  <properties>
[...]
</properties>
  <testcase name="contextLoads" classname="com.tecumsofia.carrito.CarritoApplicationTests" time="0.451">
    <system-out><![CDATA[23:27:00.160 [main] INFO org.springframework.test.context.support.AnnotationConfigContextLoaderUtils -- Could not detect default configuration classes for test class [com.tecumsofia.carrito.CarritoApplicationTests]: CarritoApplicationTests does not declare any static, non-private, non-final, nested classes annotated with @Configuration.
23:27:00.766 [main] INFO org.springframework.boot.test.context.SpringBootTestContextBootstrapper -- Found @SpringBootConfiguration com.tecumsofia.carrito.CarritoApplication for test class com.tecumsofia.carrito.CarritoApplicationTests
23:27:01.656 [main] INFO org.springframework.boot.devtools.restart.RestartApplicationListener -- Restart disabled due to context in which it is running

  .   ____          _            __ _ _
 /\\ / ___'_ __ _ _(_)_ __  __ _ \ \ \ \
( ( )\___ | '_ | '_| | '_ \/ _` | \ \ \ \
 \\/  ___)| |_)| | | | | || (_| |  ) ) ) )
  '  |____| .__|_| |_|_| |_\__, | / / / /
 =========|_|==============|___/=/_/_/_/

 :: Spring Boot ::                (v3.5.6)

2025-10-25T23:27:02.789-06:00  INFO 39423 --- [carrito] [           main] c.t.carrito.CarritoApplicationTests      : Starting CarritoApplicationTests using Java 17.0.16 with PID 39423 (started by sofia in /home/sofia/Escritorio/CarritoCompras/carrito)
2025-10-25T23:27:02.792-06:00  INFO 39423 --- [carrito] [           main] c.t.carrito.CarritoApplicationTests      : No active profile set, falling back to 1 default profile: "default"
2025-10-25T23:27:06.647-06:00  INFO 39423 --- [carrito] [           main] .s.d.r.c.RepositoryConfigurationDelegate : Bootstrapping Spring Data JPA repositories in DEFAULT mode.
2025-10-25T23:27:06.905-06:00  INFO 39423 --- [carrito] [           main] .s.d.r.c.RepositoryConfigurationDelegate : Finished Spring Data repository scanning in 213 ms. Found 5 JPA repository interfaces.
2025-10-25T23:27:08.846-06:00  INFO 39423 --- [carrito] [           main] o.hibernate.jpa.internal.util.LogHelper  : HHH000204: Processing PersistenceUnitInfo [name: default]
2025-10-25T23:27:09.205-06:00  INFO 39423 --- [carrito] [           main] org.hibernate.Version                    : HHH000412: Hibernate ORM core version 6.6.29.Final
2025-10-25T23:27:09.430-06:00  INFO 39423 --- [carrito] [           main] o.h.c.internal.RegionFactoryInitiator    : HHH000026: Second-level cache disabled
2025-10-25T23:27:11.148-06:00  INFO 39423 --- [carrito] [           main] o.s.o.j.p.SpringPersistenceUnitInfo      : No LoadTimeWeaver setup: ignoring JPA class transformer
2025-10-25T23:27:11.408-06:00  INFO 39423 --- [carrito] [           main] com.zaxxer.hikari.HikariDataSource       : HikariPool-1 - Starting...
2025-10-25T23:27:11.834-06:00  INFO 39423 --- [carrito] [           main] com.zaxxer.hikari.pool.HikariPool        : HikariPool-1 - Added connection org.mariadb.jdbc.Connection@667797f
2025-10-25T23:27:11.840-06:00  INFO 39423 --- [carrito] [           main] com.zaxxer.hikari.HikariDataSource       : HikariPool-1 - Start completed.
2025-10-25T23:27:11.968-06:00  WARN 39423 --- [carrito] [           main] org.hibernate.orm.deprecation            : HHH90000025: MariaDBDialect does not need to be specified explicitly using 'hibernate.dialect' (remove the property setting and it will be selected by default)
2025-10-25T23:27:12.024-06:00  INFO 39423 --- [carrito] [           main] org.hibernate.orm.connections.pooling    : HHH10001005: Database info:
	Database JDBC URL [Connecting through datasource 'HikariDataSource (HikariPool-1)']
	Database driver: undefined/unknown
	Database version: 10.4.32
	Autocommit mode: undefined/unknown
	Isolation level: undefined/unknown
	Minimum pool size: undefined/unknown
	Maximum pool size: undefined/unknown
2025-10-25T23:27:15.512-06:00  INFO 39423 --- [carrito] [           main] o.h.e.t.j.p.i.JtaPlatformInitiator       : HHH000489: No JTA platform available (set 'hibernate.transaction.jta.platform' to enable JTA platform integration)
2025-10-25T23:27:15.730-06:00  INFO 39423 --- [carrito] [           main] j.LocalContainerEntityManagerFactoryBean : Initialized JPA EntityManagerFactory for persistence unit 'default'
2025-10-25T23:27:16.790-06:00  WARN 39423 --- [carrito] [           main] JpaBaseConfiguration$JpaWebConfiguration : spring.jpa.open-in-view is enabled by default. Therefore, database queries may be performed during view rendering. Explicitly configure spring.jpa.open-in-view to disable this warning
2025-10-25T23:27:17.850-06:00  INFO 39423 --- [carrito] [           main] c.t.carrito.CarritoApplicationTests      : Started CarritoApplicationTests in 16.249 seconds (process running for 21.78)
]]></system-out>
  </testcase>
</testsuite>